<?xml version="1.0" encoding="UTF-8"?>
<testng-results ignored="0" total="15" passed="15" failed="0" skipped="0">
  <reporter-output>
  </reporter-output>
  <suite started-at="2023-07-27T22:42:39 UTC" name="Buggy BDD Test Suite" finished-at="2023-07-27T22:43:43 UTC" duration-ms="64099">
    <groups>
      <group name="cucumber">
        <method signature="AbstractTestNGCucumberTests.runScenario(io.cucumber.testng.PickleWrapper,io.cucumber.testng.FeatureWrapper)[pri:0, instance:org.justtestit.buggy.runner.TestNgRunner@43f02ef2]" name="runScenario" class="io.cucumber.testng.AbstractTestNGCucumberTests"/>
      </group> <!-- cucumber -->
    </groups>
    <test started-at="2023-07-27T22:42:39 UTC" name="Buggy BDD Tests" finished-at="2023-07-27T22:43:43 UTC" duration-ms="64099">
      <class name="org.justtestit.buggy.runner.TestNgRunner">
        <test-method is-config="true" signature="setUpClass(org.testng.ITestContext)[pri:0, instance:org.justtestit.buggy.runner.TestNgRunner@43f02ef2]" started-at="2023-07-27T22:42:39 UTC" name="setUpClass" finished-at="2023-07-27T22:42:40 UTC" duration-ms="718" status="PASS">
          <params>
            <param index="0">
              <value>
                <![CDATA[org.testng.TestRunner@5d160056]]>
              </value>
            </param>
          </params>
          <reporter-output>
          </reporter-output>
        </test-method> <!-- setUpClass -->
        <test-method signature="runScenario(io.cucumber.testng.PickleWrapper,io.cucumber.testng.FeatureWrapper)[pri:0, instance:org.justtestit.buggy.runner.TestNgRunner@43f02ef2]" started-at="2023-07-27T22:42:40 UTC" name="runScenario" description="Runs Cucumber Scenarios" data-provider="scenarios" finished-at="2023-07-27T22:42:48 UTC" duration-ms="8056" status="PASS">
          <params>
            <param index="0">
              <value>
                <![CDATA["Verify valid login"]]>
              </value>
            </param>
            <param index="1">
              <value>
                <![CDATA["User Login"]]>
              </value>
            </param>
          </params>
          <reporter-output>
          </reporter-output>
        </test-method> <!-- runScenario -->
        <test-method signature="runScenario(io.cucumber.testng.PickleWrapper,io.cucumber.testng.FeatureWrapper)[pri:0, instance:org.justtestit.buggy.runner.TestNgRunner@43f02ef2]" started-at="2023-07-27T22:42:48 UTC" name="runScenario" description="Runs Cucumber Scenarios" data-provider="scenarios" finished-at="2023-07-27T22:42:53 UTC" duration-ms="4706" status="PASS">
          <params>
            <param index="0">
              <value>
                <![CDATA["Verify logout"]]>
              </value>
            </param>
            <param index="1">
              <value>
                <![CDATA["User Login"]]>
              </value>
            </param>
          </params>
          <reporter-output>
          </reporter-output>
        </test-method> <!-- runScenario -->
        <test-method signature="runScenario(io.cucumber.testng.PickleWrapper,io.cucumber.testng.FeatureWrapper)[pri:0, instance:org.justtestit.buggy.runner.TestNgRunner@43f02ef2]" started-at="2023-07-27T22:42:53 UTC" name="runScenario" description="Runs Cucumber Scenarios" data-provider="scenarios" finished-at="2023-07-27T22:42:56 UTC" duration-ms="3108" status="PASS">
          <params>
            <param index="0">
              <value>
                <![CDATA["Verify invalid login"]]>
              </value>
            </param>
            <param index="1">
              <value>
                <![CDATA["User Login"]]>
              </value>
            </param>
          </params>
          <reporter-output>
          </reporter-output>
        </test-method> <!-- runScenario -->
        <test-method signature="runScenario(io.cucumber.testng.PickleWrapper,io.cucumber.testng.FeatureWrapper)[pri:0, instance:org.justtestit.buggy.runner.TestNgRunner@43f02ef2]" started-at="2023-07-27T22:42:56 UTC" name="runScenario" description="Runs Cucumber Scenarios" data-provider="scenarios" finished-at="2023-07-27T22:42:59 UTC" duration-ms="3065" status="PASS">
          <params>
            <param index="0">
              <value>
                <![CDATA["Verify invalid login"]]>
              </value>
            </param>
            <param index="1">
              <value>
                <![CDATA["User Login"]]>
              </value>
            </param>
          </params>
          <reporter-output>
          </reporter-output>
        </test-method> <!-- runScenario -->
        <test-method signature="runScenario(io.cucumber.testng.PickleWrapper,io.cucumber.testng.FeatureWrapper)[pri:0, instance:org.justtestit.buggy.runner.TestNgRunner@43f02ef2]" started-at="2023-07-27T22:42:59 UTC" name="runScenario" description="Runs Cucumber Scenarios" data-provider="scenarios" finished-at="2023-07-27T22:43:01 UTC" duration-ms="2353" status="PASS">
          <params>
            <param index="0">
              <value>
                <![CDATA["Verify invalid login"]]>
              </value>
            </param>
            <param index="1">
              <value>
                <![CDATA["User Login"]]>
              </value>
            </param>
          </params>
          <reporter-output>
          </reporter-output>
        </test-method> <!-- runScenario -->
        <test-method signature="runScenario(io.cucumber.testng.PickleWrapper,io.cucumber.testng.FeatureWrapper)[pri:0, instance:org.justtestit.buggy.runner.TestNgRunner@43f02ef2]" started-at="2023-07-27T22:43:01 UTC" name="runScenario" description="Runs Cucumber Scenarios" data-provider="scenarios" finished-at="2023-07-27T22:43:04 UTC" duration-ms="3077" status="PASS">
          <params>
            <param index="0">
              <value>
                <![CDATA["Verify invalid login"]]>
              </value>
            </param>
            <param index="1">
              <value>
                <![CDATA["User Login"]]>
              </value>
            </param>
          </params>
          <reporter-output>
          </reporter-output>
        </test-method> <!-- runScenario -->
        <test-method signature="runScenario(io.cucumber.testng.PickleWrapper,io.cucumber.testng.FeatureWrapper)[pri:0, instance:org.justtestit.buggy.runner.TestNgRunner@43f02ef2]" started-at="2023-07-27T22:43:04 UTC" name="runScenario" description="Runs Cucumber Scenarios" data-provider="scenarios" finished-at="2023-07-27T22:43:07 UTC" duration-ms="2322" status="PASS">
          <params>
            <param index="0">
              <value>
                <![CDATA["Verify invalid login"]]>
              </value>
            </param>
            <param index="1">
              <value>
                <![CDATA["User Login"]]>
              </value>
            </param>
          </params>
          <reporter-output>
          </reporter-output>
        </test-method> <!-- runScenario -->
        <test-method signature="runScenario(io.cucumber.testng.PickleWrapper,io.cucumber.testng.FeatureWrapper)[pri:0, instance:org.justtestit.buggy.runner.TestNgRunner@43f02ef2]" started-at="2023-07-27T22:43:07 UTC" name="runScenario" description="Runs Cucumber Scenarios" data-provider="scenarios" finished-at="2023-07-27T22:43:10 UTC" duration-ms="2930" status="PASS">
          <params>
            <param index="0">
              <value>
                <![CDATA["Verify invalid login"]]>
              </value>
            </param>
            <param index="1">
              <value>
                <![CDATA["User Login"]]>
              </value>
            </param>
          </params>
          <reporter-output>
          </reporter-output>
        </test-method> <!-- runScenario -->
        <test-method signature="runScenario(io.cucumber.testng.PickleWrapper,io.cucumber.testng.FeatureWrapper)[pri:0, instance:org.justtestit.buggy.runner.TestNgRunner@43f02ef2]" started-at="2023-07-27T22:43:10 UTC" name="runScenario" description="Runs Cucumber Scenarios" data-provider="scenarios" finished-at="2023-07-27T22:43:19 UTC" duration-ms="9438" status="PASS">
          <params>
            <param index="0">
              <value>
                <![CDATA["Verify valid registration"]]>
              </value>
            </param>
            <param index="1">
              <value>
                <![CDATA["User Registration"]]>
              </value>
            </param>
          </params>
          <reporter-output>
          </reporter-output>
        </test-method> <!-- runScenario -->
        <test-method signature="runScenario(io.cucumber.testng.PickleWrapper,io.cucumber.testng.FeatureWrapper)[pri:0, instance:org.justtestit.buggy.runner.TestNgRunner@43f02ef2]" started-at="2023-07-27T22:43:19 UTC" name="runScenario" description="Runs Cucumber Scenarios" data-provider="scenarios" finished-at="2023-07-27T22:43:23 UTC" duration-ms="4318" status="PASS">
          <params>
            <param index="0">
              <value>
                <![CDATA["Verify registration with existing user"]]>
              </value>
            </param>
            <param index="1">
              <value>
                <![CDATA["User Registration"]]>
              </value>
            </param>
          </params>
          <reporter-output>
          </reporter-output>
        </test-method> <!-- runScenario -->
        <test-method signature="runScenario(io.cucumber.testng.PickleWrapper,io.cucumber.testng.FeatureWrapper)[pri:0, instance:org.justtestit.buggy.runner.TestNgRunner@43f02ef2]" started-at="2023-07-27T22:43:23 UTC" name="runScenario" description="Runs Cucumber Scenarios" data-provider="scenarios" finished-at="2023-07-27T22:43:28 UTC" duration-ms="4324" status="PASS">
          <params>
            <param index="0">
              <value>
                <![CDATA["Verify registration with existing user"]]>
              </value>
            </param>
            <param index="1">
              <value>
                <![CDATA["User Registration"]]>
              </value>
            </param>
          </params>
          <reporter-output>
          </reporter-output>
        </test-method> <!-- runScenario -->
        <test-method signature="runScenario(io.cucumber.testng.PickleWrapper,io.cucumber.testng.FeatureWrapper)[pri:0, instance:org.justtestit.buggy.runner.TestNgRunner@43f02ef2]" started-at="2023-07-27T22:43:28 UTC" name="runScenario" description="Runs Cucumber Scenarios" data-provider="scenarios" finished-at="2023-07-27T22:43:32 UTC" duration-ms="3793" status="PASS">
          <params>
            <param index="0">
              <value>
                <![CDATA["Verify registration with existing user"]]>
              </value>
            </param>
            <param index="1">
              <value>
                <![CDATA["User Registration"]]>
              </value>
            </param>
          </params>
          <reporter-output>
          </reporter-output>
        </test-method> <!-- runScenario -->
        <test-method signature="runScenario(io.cucumber.testng.PickleWrapper,io.cucumber.testng.FeatureWrapper)[pri:0, instance:org.justtestit.buggy.runner.TestNgRunner@43f02ef2]" started-at="2023-07-27T22:43:32 UTC" name="runScenario" description="Runs Cucumber Scenarios" data-provider="scenarios" finished-at="2023-07-27T22:43:36 UTC" duration-ms="4287" status="PASS">
          <params>
            <param index="0">
              <value>
                <![CDATA["Verify registration with existing user"]]>
              </value>
            </param>
            <param index="1">
              <value>
                <![CDATA["User Registration"]]>
              </value>
            </param>
          </params>
          <reporter-output>
          </reporter-output>
        </test-method> <!-- runScenario -->
        <test-method signature="runScenario(io.cucumber.testng.PickleWrapper,io.cucumber.testng.FeatureWrapper)[pri:0, instance:org.justtestit.buggy.runner.TestNgRunner@43f02ef2]" started-at="2023-07-27T22:43:36 UTC" name="runScenario" description="Runs Cucumber Scenarios" data-provider="scenarios" finished-at="2023-07-27T22:43:39 UTC" duration-ms="3181" status="PASS">
          <params>
            <param index="0">
              <value>
                <![CDATA["Verify registration with existing user"]]>
              </value>
            </param>
            <param index="1">
              <value>
                <![CDATA["User Registration"]]>
              </value>
            </param>
          </params>
          <reporter-output>
          </reporter-output>
        </test-method> <!-- runScenario -->
        <test-method signature="runScenario(io.cucumber.testng.PickleWrapper,io.cucumber.testng.FeatureWrapper)[pri:0, instance:org.justtestit.buggy.runner.TestNgRunner@43f02ef2]" started-at="2023-07-27T22:43:39 UTC" name="runScenario" description="Runs Cucumber Scenarios" data-provider="scenarios" finished-at="2023-07-27T22:43:43 UTC" duration-ms="4265" status="PASS">
          <params>
            <param index="0">
              <value>
                <![CDATA["Verify registration with existing user"]]>
              </value>
            </param>
            <param index="1">
              <value>
                <![CDATA["User Registration"]]>
              </value>
            </param>
          </params>
          <reporter-output>
          </reporter-output>
        </test-method> <!-- runScenario -->
        <test-method is-config="true" signature="tearDownClass()[pri:0, instance:org.justtestit.buggy.runner.TestNgRunner@43f02ef2]" started-at="2023-07-27T22:43:43 UTC" name="tearDownClass" finished-at="2023-07-27T22:43:43 UTC" duration-ms="111" status="PASS">
          <reporter-output>
          </reporter-output>
        </test-method> <!-- tearDownClass -->
      </class> <!-- org.justtestit.buggy.runner.TestNgRunner -->
    </test> <!-- Buggy BDD Tests -->
  </suite> <!-- Buggy BDD Test Suite -->
</testng-results>
