<?xml version="1.0" encoding="UTF-8"?>
<testng-results ignored="0" total="15" passed="15" failed="0" skipped="0">
  <reporter-output>
  </reporter-output>
  <suite started-at="2023-07-27T22:00:26 UTC" name="Buggy BDD Test Suite" finished-at="2023-07-27T22:01:33 UTC" duration-ms="67316">
    <groups>
      <group name="cucumber">
        <method signature="AbstractTestNGCucumberTests.runScenario(io.cucumber.testng.PickleWrapper,io.cucumber.testng.FeatureWrapper)[pri:0, instance:org.justtestit.buggy.runner.TestNgRunner@17bffc17]" name="runScenario" class="io.cucumber.testng.AbstractTestNGCucumberTests"/>
      </group> <!-- cucumber -->
    </groups>
    <test started-at="2023-07-27T22:00:26 UTC" name="Buggy BDD Tests" finished-at="2023-07-27T22:01:33 UTC" duration-ms="67316">
      <class name="org.justtestit.buggy.runner.TestNgRunner">
        <test-method is-config="true" signature="setUpClass(org.testng.ITestContext)[pri:0, instance:org.justtestit.buggy.runner.TestNgRunner@17bffc17]" started-at="2023-07-27T22:00:26 UTC" name="setUpClass" finished-at="2023-07-27T22:00:26 UTC" duration-ms="625" status="PASS">
          <params>
            <param index="0">
              <value>
                <![CDATA[org.testng.TestRunner@60a4595e]]>
              </value>
            </param>
          </params>
          <reporter-output>
          </reporter-output>
        </test-method> <!-- setUpClass -->
        <test-method signature="runScenario(io.cucumber.testng.PickleWrapper,io.cucumber.testng.FeatureWrapper)[pri:0, instance:org.justtestit.buggy.runner.TestNgRunner@17bffc17]" started-at="2023-07-27T22:00:26 UTC" name="runScenario" description="Runs Cucumber Scenarios" data-provider="scenarios" finished-at="2023-07-27T22:00:35 UTC" duration-ms="8072" status="PASS">
          <params>
            <param index="0">
              <value>
                <![CDATA["Verify valid login"]]>
              </value>
            </param>
            <param index="1">
              <value>
                <![CDATA["User Login"]]>
              </value>
            </param>
          </params>
          <reporter-output>
          </reporter-output>
        </test-method> <!-- runScenario -->
        <test-method signature="runScenario(io.cucumber.testng.PickleWrapper,io.cucumber.testng.FeatureWrapper)[pri:0, instance:org.justtestit.buggy.runner.TestNgRunner@17bffc17]" started-at="2023-07-27T22:00:35 UTC" name="runScenario" description="Runs Cucumber Scenarios" data-provider="scenarios" finished-at="2023-07-27T22:00:40 UTC" duration-ms="5396" status="PASS">
          <params>
            <param index="0">
              <value>
                <![CDATA["Verify logout"]]>
              </value>
            </param>
            <param index="1">
              <value>
                <![CDATA["User Login"]]>
              </value>
            </param>
          </params>
          <reporter-output>
          </reporter-output>
        </test-method> <!-- runScenario -->
        <test-method signature="runScenario(io.cucumber.testng.PickleWrapper,io.cucumber.testng.FeatureWrapper)[pri:0, instance:org.justtestit.buggy.runner.TestNgRunner@17bffc17]" started-at="2023-07-27T22:00:40 UTC" name="runScenario" description="Runs Cucumber Scenarios" data-provider="scenarios" finished-at="2023-07-27T22:00:43 UTC" duration-ms="3134" status="PASS">
          <params>
            <param index="0">
              <value>
                <![CDATA["Verify invalid login"]]>
              </value>
            </param>
            <param index="1">
              <value>
                <![CDATA["User Login"]]>
              </value>
            </param>
          </params>
          <reporter-output>
          </reporter-output>
        </test-method> <!-- runScenario -->
        <test-method signature="runScenario(io.cucumber.testng.PickleWrapper,io.cucumber.testng.FeatureWrapper)[pri:0, instance:org.justtestit.buggy.runner.TestNgRunner@17bffc17]" started-at="2023-07-27T22:00:43 UTC" name="runScenario" description="Runs Cucumber Scenarios" data-provider="scenarios" finished-at="2023-07-27T22:00:46 UTC" duration-ms="3124" status="PASS">
          <params>
            <param index="0">
              <value>
                <![CDATA["Verify invalid login"]]>
              </value>
            </param>
            <param index="1">
              <value>
                <![CDATA["User Login"]]>
              </value>
            </param>
          </params>
          <reporter-output>
          </reporter-output>
        </test-method> <!-- runScenario -->
        <test-method signature="runScenario(io.cucumber.testng.PickleWrapper,io.cucumber.testng.FeatureWrapper)[pri:0, instance:org.justtestit.buggy.runner.TestNgRunner@17bffc17]" started-at="2023-07-27T22:00:46 UTC" name="runScenario" description="Runs Cucumber Scenarios" data-provider="scenarios" finished-at="2023-07-27T22:00:49 UTC" duration-ms="3087" status="PASS">
          <params>
            <param index="0">
              <value>
                <![CDATA["Verify invalid login"]]>
              </value>
            </param>
            <param index="1">
              <value>
                <![CDATA["User Login"]]>
              </value>
            </param>
          </params>
          <reporter-output>
          </reporter-output>
        </test-method> <!-- runScenario -->
        <test-method signature="runScenario(io.cucumber.testng.PickleWrapper,io.cucumber.testng.FeatureWrapper)[pri:0, instance:org.justtestit.buggy.runner.TestNgRunner@17bffc17]" started-at="2023-07-27T22:00:49 UTC" name="runScenario" description="Runs Cucumber Scenarios" data-provider="scenarios" finished-at="2023-07-27T22:00:52 UTC" duration-ms="3129" status="PASS">
          <params>
            <param index="0">
              <value>
                <![CDATA["Verify invalid login"]]>
              </value>
            </param>
            <param index="1">
              <value>
                <![CDATA["User Login"]]>
              </value>
            </param>
          </params>
          <reporter-output>
          </reporter-output>
        </test-method> <!-- runScenario -->
        <test-method signature="runScenario(io.cucumber.testng.PickleWrapper,io.cucumber.testng.FeatureWrapper)[pri:0, instance:org.justtestit.buggy.runner.TestNgRunner@17bffc17]" started-at="2023-07-27T22:00:52 UTC" name="runScenario" description="Runs Cucumber Scenarios" data-provider="scenarios" finished-at="2023-07-27T22:00:56 UTC" duration-ms="3078" status="PASS">
          <params>
            <param index="0">
              <value>
                <![CDATA["Verify invalid login"]]>
              </value>
            </param>
            <param index="1">
              <value>
                <![CDATA["User Login"]]>
              </value>
            </param>
          </params>
          <reporter-output>
          </reporter-output>
        </test-method> <!-- runScenario -->
        <test-method signature="runScenario(io.cucumber.testng.PickleWrapper,io.cucumber.testng.FeatureWrapper)[pri:0, instance:org.justtestit.buggy.runner.TestNgRunner@17bffc17]" started-at="2023-07-27T22:00:56 UTC" name="runScenario" description="Runs Cucumber Scenarios" data-provider="scenarios" finished-at="2023-07-27T22:00:59 UTC" duration-ms="3087" status="PASS">
          <params>
            <param index="0">
              <value>
                <![CDATA["Verify invalid login"]]>
              </value>
            </param>
            <param index="1">
              <value>
                <![CDATA["User Login"]]>
              </value>
            </param>
          </params>
          <reporter-output>
          </reporter-output>
        </test-method> <!-- runScenario -->
        <test-method signature="runScenario(io.cucumber.testng.PickleWrapper,io.cucumber.testng.FeatureWrapper)[pri:0, instance:org.justtestit.buggy.runner.TestNgRunner@17bffc17]" started-at="2023-07-27T22:00:59 UTC" name="runScenario" description="Runs Cucumber Scenarios" data-provider="scenarios" finished-at="2023-07-27T22:01:09 UTC" duration-ms="10421" status="PASS">
          <params>
            <param index="0">
              <value>
                <![CDATA["Verify valid registration"]]>
              </value>
            </param>
            <param index="1">
              <value>
                <![CDATA["User Registration"]]>
              </value>
            </param>
          </params>
          <reporter-output>
          </reporter-output>
        </test-method> <!-- runScenario -->
        <test-method signature="runScenario(io.cucumber.testng.PickleWrapper,io.cucumber.testng.FeatureWrapper)[pri:0, instance:org.justtestit.buggy.runner.TestNgRunner@17bffc17]" started-at="2023-07-27T22:01:09 UTC" name="runScenario" description="Runs Cucumber Scenarios" data-provider="scenarios" finished-at="2023-07-27T22:01:13 UTC" duration-ms="3919" status="PASS">
          <params>
            <param index="0">
              <value>
                <![CDATA["Verify registration with existing user"]]>
              </value>
            </param>
            <param index="1">
              <value>
                <![CDATA["User Registration"]]>
              </value>
            </param>
          </params>
          <reporter-output>
          </reporter-output>
        </test-method> <!-- runScenario -->
        <test-method signature="runScenario(io.cucumber.testng.PickleWrapper,io.cucumber.testng.FeatureWrapper)[pri:0, instance:org.justtestit.buggy.runner.TestNgRunner@17bffc17]" started-at="2023-07-27T22:01:13 UTC" name="runScenario" description="Runs Cucumber Scenarios" data-provider="scenarios" finished-at="2023-07-27T22:01:17 UTC" duration-ms="3836" status="PASS">
          <params>
            <param index="0">
              <value>
                <![CDATA["Verify registration with existing user"]]>
              </value>
            </param>
            <param index="1">
              <value>
                <![CDATA["User Registration"]]>
              </value>
            </param>
          </params>
          <reporter-output>
          </reporter-output>
        </test-method> <!-- runScenario -->
        <test-method signature="runScenario(io.cucumber.testng.PickleWrapper,io.cucumber.testng.FeatureWrapper)[pri:0, instance:org.justtestit.buggy.runner.TestNgRunner@17bffc17]" started-at="2023-07-27T22:01:17 UTC" name="runScenario" description="Runs Cucumber Scenarios" data-provider="scenarios" finished-at="2023-07-27T22:01:21 UTC" duration-ms="4358" status="PASS">
          <params>
            <param index="0">
              <value>
                <![CDATA["Verify registration with existing user"]]>
              </value>
            </param>
            <param index="1">
              <value>
                <![CDATA["User Registration"]]>
              </value>
            </param>
          </params>
          <reporter-output>
          </reporter-output>
        </test-method> <!-- runScenario -->
        <test-method signature="runScenario(io.cucumber.testng.PickleWrapper,io.cucumber.testng.FeatureWrapper)[pri:0, instance:org.justtestit.buggy.runner.TestNgRunner@17bffc17]" started-at="2023-07-27T22:01:21 UTC" name="runScenario" description="Runs Cucumber Scenarios" data-provider="scenarios" finished-at="2023-07-27T22:01:25 UTC" duration-ms="4318" status="PASS">
          <params>
            <param index="0">
              <value>
                <![CDATA["Verify registration with existing user"]]>
              </value>
            </param>
            <param index="1">
              <value>
                <![CDATA["User Registration"]]>
              </value>
            </param>
          </params>
          <reporter-output>
          </reporter-output>
        </test-method> <!-- runScenario -->
        <test-method signature="runScenario(io.cucumber.testng.PickleWrapper,io.cucumber.testng.FeatureWrapper)[pri:0, instance:org.justtestit.buggy.runner.TestNgRunner@17bffc17]" started-at="2023-07-27T22:01:25 UTC" name="runScenario" description="Runs Cucumber Scenarios" data-provider="scenarios" finished-at="2023-07-27T22:01:29 UTC" duration-ms="3767" status="PASS">
          <params>
            <param index="0">
              <value>
                <![CDATA["Verify registration with existing user"]]>
              </value>
            </param>
            <param index="1">
              <value>
                <![CDATA["User Registration"]]>
              </value>
            </param>
          </params>
          <reporter-output>
          </reporter-output>
        </test-method> <!-- runScenario -->
        <test-method signature="runScenario(io.cucumber.testng.PickleWrapper,io.cucumber.testng.FeatureWrapper)[pri:0, instance:org.justtestit.buggy.runner.TestNgRunner@17bffc17]" started-at="2023-07-27T22:01:29 UTC" name="runScenario" description="Runs Cucumber Scenarios" data-provider="scenarios" finished-at="2023-07-27T22:01:33 UTC" duration-ms="3828" status="PASS">
          <params>
            <param index="0">
              <value>
                <![CDATA["Verify registration with existing user"]]>
              </value>
            </param>
            <param index="1">
              <value>
                <![CDATA["User Registration"]]>
              </value>
            </param>
          </params>
          <reporter-output>
          </reporter-output>
        </test-method> <!-- runScenario -->
        <test-method is-config="true" signature="tearDownClass()[pri:0, instance:org.justtestit.buggy.runner.TestNgRunner@17bffc17]" started-at="2023-07-27T22:01:33 UTC" name="tearDownClass" finished-at="2023-07-27T22:01:33 UTC" duration-ms="92" status="PASS">
          <reporter-output>
          </reporter-output>
        </test-method> <!-- tearDownClass -->
      </class> <!-- org.justtestit.buggy.runner.TestNgRunner -->
    </test> <!-- Buggy BDD Tests -->
  </suite> <!-- Buggy BDD Test Suite -->
</testng-results>
